<?xml version="1.0" encoding="UTF-8"?>
<!-- Generated by org.testng.reporters.JUnitXMLReporter -->
<testsuite hostname="INBLRSE2701414" name="Test" tests="5" failures="0" timestamp="2 May 2017 13:21:25 GMT" time="42.512" errors="0">
  <testcase name="testNG_Oprnapp" time="7.472" classname="Sdlc.OpenApp"/>
  <testcase name="Login" time="8.051" classname="Sdlc.Login"/>
  <testcase name="Add_lib" time="15.95" classname="Sdlc.AddLib"/>
  <testcase name="Add_book" time="6.957" classname="Sdlc.AddBook"/>
  <testcase name="Close_App" time="4.057" classname="Sdlc.CloseApp"/>
</testsuite> <!-- Test -->
